<?xml version="1.0" encoding="UTF-8"?>
<testsuite xmlns:xsi="http://www.w3.org/2001/XMLSchema-instance" xsi:noNamespaceSchemaLocation="https://maven.apache.org/surefire/maven-surefire-plugin/xsd/surefire-test-report.xsd" version="3.0.2" name="com.springboot_cache_redis.services.ItemServiceTest" time="12.669" tests="1" errors="0" skipped="0" failures="0">
  <properties>
[...]
</properties>
  <testcase name="testCacheable" classname="com.springboot_cache_redis.services.ItemServiceTest" time="4.108">
    <system-out><![CDATA[18:37:43.866 [main] INFO org.springframework.test.context.support.AnnotationConfigContextLoaderUtils -- Could not detect default configuration classes for test class [com.springboot_cache_redis.services.ItemServiceTest]: ItemServiceTest does not declare any static, non-private, non-final, nested classes annotated with @Configuration.
18:37:44.139 [main] INFO org.springframework.boot.test.context.SpringBootTestContextBootstrapper -- Found @SpringBootConfiguration com.springboot_cache_redis.SpringbootCacheRedisApplication for test class com.springboot_cache_redis.services.ItemServiceTest

  .   ____          _            __ _ _
 /\\ / ___'_ __ _ _(_)_ __  __ _ \ \ \ \
( ( )\___ | '_ | '_| | '_ \/ _` | \ \ \ \
 \\/  ___)| |_)| | | | | || (_| |  ) ) ) )
  '  |____| .__|_| |_|_| |_\__, | / / / /
 =========|_|==============|___/=/_/_/_/

 :: Spring Boot ::                (v3.4.4)

2025-04-03T18:37:45.121-03:00  INFO 19348 --- [springboot-cache-redis] [           main] c.s.services.ItemServiceTest             : Starting ItemServiceTest using Java 17.0.2 with PID 19348 (started by lgome in C:\Users\lgome\Workspace\spring-cache-redis)
2025-04-03T18:37:45.123-03:00  INFO 19348 --- [springboot-cache-redis] [           main] c.s.services.ItemServiceTest             : The following 1 profile is active: "test"
2025-04-03T18:37:46.470-03:00  INFO 19348 --- [springboot-cache-redis] [           main] .s.d.r.c.RepositoryConfigurationDelegate : Multiple Spring Data modules found, entering strict repository configuration mode
2025-04-03T18:37:46.473-03:00  INFO 19348 --- [springboot-cache-redis] [           main] .s.d.r.c.RepositoryConfigurationDelegate : Bootstrapping Spring Data JPA repositories in DEFAULT mode.
2025-04-03T18:37:46.511-03:00  INFO 19348 --- [springboot-cache-redis] [           main] .s.d.r.c.RepositoryConfigurationDelegate : Finished Spring Data repository scanning in 21 ms. Found 0 JPA repository interfaces.
2025-04-03T18:37:46.544-03:00  INFO 19348 --- [springboot-cache-redis] [           main] .s.d.r.c.RepositoryConfigurationDelegate : Multiple Spring Data modules found, entering strict repository configuration mode
2025-04-03T18:37:46.549-03:00  INFO 19348 --- [springboot-cache-redis] [           main] .s.d.r.c.RepositoryConfigurationDelegate : Bootstrapping Spring Data Redis repositories in DEFAULT mode.
2025-04-03T18:37:46.576-03:00  INFO 19348 --- [springboot-cache-redis] [           main] .s.d.r.c.RepositoryConfigurationDelegate : Finished Spring Data repository scanning in 6 ms. Found 0 Redis repository interfaces.
2025-04-03T18:37:47.574-03:00  INFO 19348 --- [springboot-cache-redis] [           main] com.zaxxer.hikari.HikariDataSource       : HikariPool-1 - Starting...
2025-04-03T18:37:47.961-03:00  INFO 19348 --- [springboot-cache-redis] [           main] com.zaxxer.hikari.pool.HikariPool        : HikariPool-1 - Added connection conn0: url=jdbc:h2:mem:testdb user=SA
2025-04-03T18:37:47.964-03:00  INFO 19348 --- [springboot-cache-redis] [           main] com.zaxxer.hikari.HikariDataSource       : HikariPool-1 - Start completed.
2025-04-03T18:37:48.118-03:00  INFO 19348 --- [springboot-cache-redis] [           main] o.hibernate.jpa.internal.util.LogHelper  : HHH000204: Processing PersistenceUnitInfo [name: default]
2025-04-03T18:37:48.270-03:00  INFO 19348 --- [springboot-cache-redis] [           main] org.hibernate.Version                    : HHH000412: Hibernate ORM core version 6.6.11.Final
2025-04-03T18:37:48.364-03:00  INFO 19348 --- [springboot-cache-redis] [           main] o.h.c.internal.RegionFactoryInitiator    : HHH000026: Second-level cache disabled
2025-04-03T18:37:49.262-03:00  INFO 19348 --- [springboot-cache-redis] [           main] o.s.o.j.p.SpringPersistenceUnitInfo      : No LoadTimeWeaver setup: ignoring JPA class transformer
2025-04-03T18:37:49.451-03:00  INFO 19348 --- [springboot-cache-redis] [           main] org.hibernate.orm.connections.pooling    : HHH10001005: Database info:
	Database JDBC URL [Connecting through datasource 'HikariDataSource (HikariPool-1)']
	Database driver: undefined/unknown
	Database version: 2.3.232
	Autocommit mode: undefined/unknown
	Isolation level: undefined/unknown
	Minimum pool size: undefined/unknown
	Maximum pool size: undefined/unknown
2025-04-03T18:37:50.072-03:00  INFO 19348 --- [springboot-cache-redis] [           main] o.h.e.t.j.p.i.JtaPlatformInitiator       : HHH000489: No JTA platform available (set 'hibernate.transaction.jta.platform' to enable JTA platform integration)
2025-04-03T18:37:50.080-03:00  INFO 19348 --- [springboot-cache-redis] [           main] j.LocalContainerEntityManagerFactoryBean : Initialized JPA EntityManagerFactory for persistence unit 'default'
2025-04-03T18:37:50.486-03:00  WARN 19348 --- [springboot-cache-redis] [           main] JpaBaseConfiguration$JpaWebConfiguration : spring.jpa.open-in-view is enabled by default. Therefore, database queries may be performed during view rendering. Explicitly configure spring.jpa.open-in-view to disable this warning
2025-04-03T18:37:51.953-03:00  INFO 19348 --- [springboot-cache-redis] [           main] o.s.b.a.h2.H2ConsoleAutoConfiguration    : H2 console available at '/h2-console'. Database available at 'jdbc:h2:mem:testdb'
2025-04-03T18:37:52.108-03:00  INFO 19348 --- [springboot-cache-redis] [           main] c.s.services.ItemServiceTest             : Started ItemServiceTest in 7.602 seconds (process running for 10.066)
]]></system-out>
  </testcase>
</testsuite>