<?xml version="1.0" encoding="UTF-8"?>
<testsuite xmlns:xsi="http://www.w3.org/2001/XMLSchema-instance" xsi:noNamespaceSchemaLocation="https://maven.apache.org/surefire/maven-surefire-plugin/xsd/surefire-test-report-3.0.xsd" version="3.0" name="com.springboot_cache_redis.SpringbootCacheRedisApplicationTests" time="7.564" tests="1" errors="0" skipped="0" failures="0">
  <properties>
[...]
</properties>
  <testcase name="contextLoads" classname="com.springboot_cache_redis.SpringbootCacheRedisApplicationTests" time="1.609">
    <system-out><![CDATA[06:28:44.044 [main] INFO org.springframework.test.context.support.AnnotationConfigContextLoaderUtils -- Could not detect default configuration classes for test class [com.springboot_cache_redis.SpringbootCacheRedisApplicationTests]: SpringbootCacheRedisApplicationTests does not declare any static, non-private, non-final, nested classes annotated with @Configuration.
06:28:44.386 [main] INFO org.springframework.boot.test.context.SpringBootTestContextBootstrapper -- Found @SpringBootConfiguration com.springboot_cache_redis.SpringbootCacheRedisApplication for test class com.springboot_cache_redis.SpringbootCacheRedisApplicationTests

  .   ____          _            __ _ _
 /\\ / ___'_ __ _ _(_)_ __  __ _ \ \ \ \
( ( )\___ | '_ | '_| | '_ \/ _` | \ \ \ \
 \\/  ___)| |_)| | | | | || (_| |  ) ) ) )
  '  |____| .__|_| |_|_| |_\__, | / / / /
 =========|_|==============|___/=/_/_/_/

 :: Spring Boot ::                (v3.4.4)

2025-04-07T06:28:45.435-03:00  INFO 3732 --- [springboot-cache-redis] [           main] c.s.SpringbootCacheRedisApplicationTests : Starting SpringbootCacheRedisApplicationTests using Java 17.0.2 with PID 3732 (started by lgome in C:\Users\lgome\Workspace\spring-cache-redis)
2025-04-07T06:28:45.437-03:00  INFO 3732 --- [springboot-cache-redis] [           main] c.s.SpringbootCacheRedisApplicationTests : No active profile set, falling back to 1 default profile: "default"
2025-04-07T06:28:47.112-03:00  INFO 3732 --- [springboot-cache-redis] [           main] .s.d.r.c.RepositoryConfigurationDelegate : Multiple Spring Data modules found, entering strict repository configuration mode
2025-04-07T06:28:47.119-03:00  INFO 3732 --- [springboot-cache-redis] [           main] .s.d.r.c.RepositoryConfigurationDelegate : Bootstrapping Spring Data Redis repositories in DEFAULT mode.
2025-04-07T06:28:47.188-03:00  INFO 3732 --- [springboot-cache-redis] [           main] .s.d.r.c.RepositoryConfigurationDelegate : Finished Spring Data repository scanning in 33 ms. Found 0 Redis repository interfaces.
2025-04-07T06:28:49.653-03:00  INFO 3732 --- [springboot-cache-redis] [           main] c.s.SpringbootCacheRedisApplicationTests : Started SpringbootCacheRedisApplicationTests in 4.859 seconds (process running for 7.04)
]]></system-out>
  </testcase>
</testsuite>